{
  "RSpec": {
    "coverage": {
      "/Users/farzan/Desktop/Desktop/Makers/Projects/rps/rps-challenge/spec/features/enter_names_spec.rb": {
        "lines": [
          1,
          1,
          1,
          1,
          1,
          null,
          1,
          null,
          1,
          null,
          null,
          1,
          1,
          1,
          1,
          1,
          null,
          null,
          null
        ]
      },
      "/Users/farzan/Desktop/Desktop/Makers/Projects/rps/rps-challenge/spec/features/play_spec.rb": {
        "lines": [
          1,
          null,
          1,
          1,
          1,
          1,
          null,
          null,
          1,
          1,
          1,
          1,
          null,
          null,
          null
        ]
      },
      "/Users/farzan/Desktop/Desktop/Makers/Projects/rps/rps-challenge/spec/unit/game_spec.rb": {
        "lines": [
          1,
          null,
          1,
          8,
          8,
          null,
          1,
          null,
          1,
          1,
          null,
          null,
          null,
          null,
          1,
          null,
          1,
          1,
          1,
          1,
          null,
          null,
          1,
          1,
          1,
          1,
          null,
          null,
          1,
          1,
          1,
          1,
          null,
          null,
          null,
          null,
          1,
          null,
          1,
          1,
          1,
          1,
          null,
          null,
          1,
          1,
          1,
          1,
          null,
          null,
          1,
          1,
          1,
          1,
          null,
          null,
          null,
          null,
          null
        ]
      },
      "/Users/farzan/Desktop/Desktop/Makers/Projects/rps/rps-challenge/spec/unit/player_spec.rb": {
        "lines": [
          1,
          null,
          1,
          null,
          2,
          null,
          1,
          null,
          1,
          1,
          null,
          null,
          null,
          null,
          null
        ]
      }
    },
    "timestamp": 1652038932
  }
}
